# JRE version: OpenJDK Runtime Environment Temurin-21.0.10+7 (21.0.10+7) (build 21.0.10+7-LTS)
# Java VM: OpenJDK 64-Bit Server VM Temurin-21.0.10+7 (21.0.10+7-LTS, mixed mode, sharing, tiered, compressed oops, compressed class ptrs, parallel gc, windows-amd64)
GC Precious Log:
 CardTable entry size: 512
 CPUs: 8 total, 8 available
 Memory: 6091M
 Large Page Support: Disabled
 NUMA Support: Disabled
 Compressed Oops: Enabled (32-bit)
 Alignments: Space 512K, Generation 512K, Heap 2M
 Heap Min Capacity: 100M
 Heap Initial Capacity: 100M
 Heap Max Capacity: 2G
 Pre-touch: Disabled
 Parallel Workers: 8
Heap:
 PSYoungGen      total 27648K, used 23311K [0x00000000d5580000, 0x00000000d7f00000, 0x0000000100000000)
  eden space 14336K, 77% used [0x00000000d5580000,0x00000000d60682a0,0x00000000d6380000)
  from space 13312K, 91% used [0x00000000d7000000,0x00000000d7bdba10,0x00000000d7d00000)
  to   space 12800K, 0% used [0x00000000d6380000,0x00000000d6380000,0x00000000d7000000)
 ParOldGen       total 741888K, used 597413K [0x0000000080000000, 0x00000000ad480000, 0x00000000d5580000)
  object space 741888K, 80% used [0x0000000080000000,0x00000000a4769528,0x00000000ad480000)
 Metaspace       used 66768K, committed 68288K, reserved 1114112K
  class space    used 6752K, committed 7424K, reserved 1048576K
GC Heap History (20 events):
Event: 4411.523 GC heap before
{Heap before GC invocations=1584 (full 3):
 PSYoungGen      total 5120K, used 4736K [0x00000000d5580000, 0x00000000d5e00000, 0x0000000100000000)
  eden space 4096K, 100% used [0x00000000d5580000,0x00000000d5980000,0x00000000d5980000)
  from space 1024K, 62% used [0x00000000d5d00000,0x00000000d5da0000,0x00000000d5e00000)
  to   space 1536K, 0% used [0x00000000d5b00000,0x00000000d5b00000,0x00000000d5c80000)
 ParOldGen       total 741888K, used 557665K [0x0000000080000000, 0x00000000ad480000, 0x00000000d5580000)
  object space 741888K, 75% used [0x0000000080000000,0x00000000a20985e0,0x00000000ad480000)
 Metaspace       used 66730K, committed 68096K, reserved 1114112K
  class space    used 6749K, committed 7360K, reserved 1048576K
}
Event: 4411.540 GC heap after
{Heap after GC invocations=1584 (full 3):
 PSYoungGen      total 5632K, used 1504K [0x00000000d5580000, 0x00000000d6280000, 0x0000000100000000)
  eden space 4096K, 0% used [0x00000000d5580000,0x00000000d5580000,0x00000000d5980000)
  from space 1536K, 97% used [0x00000000d5b00000,0x00000000d5c78208,0x00000000d5c80000)
  to   space 4608K, 0% used [0x00000000d5e00000,0x00000000d5e00000,0x00000000d6280000)
 ParOldGen       total 741888K, used 560146K [0x0000000080000000, 0x00000000ad480000, 0x00000000d5580000)
  object space 741888K, 75% used [0x0000000080000000,0x00000000a2304828,0x00000000ad480000)
 Metaspace       used 66730K, committed 68096K, reserved 1114112K
  class space    used 6749K, committed 7360K, reserved 1048576K
}
Event: 4411.557 GC heap before
{Heap before GC invocations=1585 (full 3):
 PSYoungGen      total 5632K, used 5600K [0x00000000d5580000, 0x00000000d6280000, 0x0000000100000000)
  eden space 4096K, 99% used [0x00000000d5580000,0x00000000d597ff18,0x00000000d5980000)
  from space 1536K, 97% used [0x00000000d5b00000,0x00000000d5c78208,0x00000000d5c80000)
  to   space 4608K, 0% used [0x00000000d5e00000,0x00000000d5e00000,0x00000000d6280000)
 ParOldGen       total 741888K, used 560146K [0x0000000080000000, 0x00000000ad480000, 0x00000000d5580000)
  object space 741888K, 75% used [0x0000000080000000,0x00000000a2304828,0x00000000ad480000)
 Metaspace       used 66730K, committed 68096K, reserved 1114112K
  class space    used 6749K, committed 7360K, reserved 1048576K
}
Event: 4411.574 GC heap after
{Heap after GC invocations=1585 (full 3):
 PSYoungGen      total 8704K, used 3136K [0x00000000d5580000, 0x00000000d6180000, 0x0000000100000000)
  eden space 5120K, 0% used [0x00000000d5580000,0x00000000d5580000,0x00000000d5a80000)
  from space 3584K, 87% used [0x00000000d5e00000,0x00000000d6110000,0x00000000d6180000)
  to   space 3584K, 0% used [0x00000000d5a80000,0x00000000d5a80000,0x00000000d5e00000)
 ParOldGen       total 741888K, used 561690K [0x0000000080000000, 0x00000000ad480000, 0x00000000d5580000)
  object space 741888K, 75% used [0x0000000080000000,0x00000000a2486a40,0x00000000ad480000)
 Metaspace       used 66730K, committed 68096K, reserved 1114112K
  class space    used 6749K, committed 7360K, reserved 1048576K
}
Event: 4411.602 GC heap before
{Heap before GC invocations=1586 (full 3):
 PSYoungGen      total 8704K, used 8256K [0x00000000d5580000, 0x00000000d6180000, 0x0000000100000000)
  eden space 5120K, 100% used [0x00000000d5580000,0x00000000d5a80000,0x00000000d5a80000)
  from space 3584K, 87% used [0x00000000d5e00000,0x00000000d6110000,0x00000000d6180000)
  to   space 3584K, 0% used [0x00000000d5a80000,0x00000000d5a80000,0x00000000d5e00000)
 ParOldGen       total 741888K, used 561690K [0x0000000080000000, 0x00000000ad480000, 0x00000000d5580000)
  object space 741888K, 75% used [0x0000000080000000,0x00000000a2486a40,0x00000000ad480000)
 Metaspace       used 66730K, committed 68096K, reserved 1114112K
  class space    used 6749K, committed 7360K, reserved 1048576K
}
Event: 4411.628 GC heap after
{Heap after GC invocations=1586 (full 3):
 PSYoungGen      total 8704K, used 3584K [0x00000000d5580000, 0x00000000d6b80000, 0x0000000100000000)
  eden space 5120K, 0% used [0x00000000d5580000,0x00000000d5580000,0x00000000d5a80000)
  from space 3584K, 100% used [0x00000000d5a80000,0x00000000d5e00000,0x00000000d5e00000)
  to   space 8192K, 0% used [0x00000000d6380000,0x00000000d6380000,0x00000000d6b80000)
 ParOldGen       total 741888K, used 565418K [0x0000000080000000, 0x00000000ad480000, 0x00000000d5580000)
  object space 741888K, 76% used [0x0000000080000000,0x00000000a282aa40,0x00000000ad480000)
 Metaspace       used 66730K, committed 68096K, reserved 1114112K
  class space    used 6749K, committed 7360K, reserved 1048576K
}
Event: 4411.666 GC heap before
{Heap before GC invocations=1587 (full 3):
 PSYoungGen      total 8704K, used 8580K [0x00000000d5580000, 0x00000000d6b80000, 0x0000000100000000)
  eden space 5120K, 97% used [0x00000000d5580000,0x00000000d5a610f8,0x00000000d5a80000)
  from space 3584K, 100% used [0x00000000d5a80000,0x00000000d5e00000,0x00000000d5e00000)
  to   space 8192K, 0% used [0x00000000d6380000,0x00000000d6380000,0x00000000d6b80000)
 ParOldGen       total 741888K, used 565418K [0x0000000080000000, 0x00000000ad480000, 0x00000000d5580000)
  object space 741888K, 76% used [0x0000000080000000,0x00000000a282aa40,0x00000000ad480000)
 Metaspace       used 66730K, committed 68096K, reserved 1114112K
  class space    used 6749K, committed 7360K, reserved 1048576K
}
Event: 4411.699 GC heap after
{Heap after GC invocations=1587 (full 3):
 PSYoungGen      total 10752K, used 4468K [0x00000000d5580000, 0x00000000d6800000, 0x0000000100000000)
  eden space 6144K, 0% used [0x00000000d5580000,0x00000000d5580000,0x00000000d5b80000)
  from space 4608K, 96% used [0x00000000d6380000,0x00000000d67dd000,0x00000000d6800000)
  to   space 5632K, 0% used [0x00000000d5d00000,0x00000000d5d00000,0x00000000d6280000)
 ParOldGen       total 741888K, used 569074K [0x0000000080000000, 0x00000000ad480000, 0x00000000d5580000)
  object space 741888K, 76% used [0x0000000080000000,0x00000000a2bbca40,0x00000000ad480000)
 Metaspace       used 66730K, committed 68096K, reserved 1114112K
  class space    used 6749K, committed 7360K, reserved 1048576K
}
Event: 4411.731 GC heap before
{Heap before GC invocations=1588 (full 3):
 PSYoungGen      total 10752K, used 10612K [0x00000000d5580000, 0x00000000d6800000, 0x0000000100000000)
  eden space 6144K, 100% used [0x00000000d5580000,0x00000000d5b80000,0x00000000d5b80000)
  from space 4608K, 96% used [0x00000000d6380000,0x00000000d67dd000,0x00000000d6800000)
  to   space 5632K, 0% used [0x00000000d5d00000,0x00000000d5d00000,0x00000000d6280000)
 ParOldGen       total 741888K, used 569074K [0x0000000080000000, 0x00000000ad480000, 0x00000000d5580000)
  object space 741888K, 76% used [0x0000000080000000,0x00000000a2bbca40,0x00000000ad480000)
 Metaspace       used 66730K, committed 68096K, reserved 1114112K
  class space    used 6749K, committed 7360K, reserved 1048576K
}
Event: 4411.757 GC heap after
{Heap after GC invocations=1588 (full 3):
 PSYoungGen      total 10752K, used 2896K [0x00000000d5580000, 0x00000000d6500000, 0x0000000100000000)
  eden space 7680K, 0% used [0x00000000d5580000,0x00000000d5580000,0x00000000d5d00000)
  from space 3072K, 94% used [0x00000000d5d00000,0x00000000d5fd4000,0x00000000d6000000)
  to   space 4096K, 0% used [0x00000000d6100000,0x00000000d6100000,0x00000000d6500000)
 ParOldGen       total 741888K, used 573151K [0x0000000080000000, 0x00000000ad480000, 0x00000000d5580000)
  object space 741888K, 77% used [0x0000000080000000,0x00000000a2fb7cd8,0x00000000ad480000)
 Metaspace       used 66730K, committed 68096K, reserved 1114112K
  class space    used 6749K, committed 7360K, reserved 1048576K
}
Event: 4411.829 GC heap before
{Heap before GC invocations=1589 (full 3):
 PSYoungGen      total 10752K, used 10576K [0x00000000d5580000, 0x00000000d6500000, 0x0000000100000000)
  eden space 7680K, 100% used [0x00000000d5580000,0x00000000d5d00000,0x00000000d5d00000)
  from space 3072K, 94% used [0x00000000d5d00000,0x00000000d5fd4000,0x00000000d6000000)
  to   space 4096K, 0% used [0x00000000d6100000,0x00000000d6100000,0x00000000d6500000)
 ParOldGen       total 741888K, used 573151K [0x0000000080000000, 0x00000000ad480000, 0x00000000d5580000)
  object space 741888K, 77% used [0x0000000080000000,0x00000000a2fb7cd8,0x00000000ad480000)
 Metaspace       used 66734K, committed 68160K, reserved 1114112K
  class space    used 6749K, committed 7360K, reserved 1048576K
}
Event: 4411.849 GC heap after
{Heap after GC invocations=1589 (full 3):
 PSYoungGen      total 11776K, used 1922K [0x00000000d5580000, 0x00000000d6380000, 0x0000000100000000)
  eden space 9216K, 0% used [0x00000000d5580000,0x00000000d5580000,0x00000000d5e80000)
  from space 2560K, 75% used [0x00000000d6100000,0x00000000d62e0a20,0x00000000d6380000)
  to   space 2560K, 0% used [0x00000000d5e80000,0x00000000d5e80000,0x00000000d6100000)
 ParOldGen       total 741888K, used 575983K [0x0000000080000000, 0x00000000ad480000, 0x00000000d5580000)
  object space 741888K, 77% used [0x0000000080000000,0x00000000a327bcd8,0x00000000ad480000)
 Metaspace       used 66734K, committed 68160K, reserved 1114112K
  class space    used 6749K, committed 7360K, reserved 1048576K
}
Event: 4411.902 GC heap before
{Heap before GC invocations=1590 (full 3):
 PSYoungGen      total 11776K, used 10925K [0x00000000d5580000, 0x00000000d6380000, 0x0000000100000000)
  eden space 9216K, 97% used [0x00000000d5580000,0x00000000d5e4ac58,0x00000000d5e80000)
  from space 2560K, 75% used [0x00000000d6100000,0x00000000d62e0a20,0x00000000d6380000)
  to   space 2560K, 0% used [0x00000000d5e80000,0x00000000d5e80000,0x00000000d6100000)
 ParOldGen       total 741888K, used 575983K [0x0000000080000000, 0x00000000ad480000, 0x00000000d5580000)
  object space 741888K, 77% used [0x0000000080000000,0x00000000a327bcd8,0x00000000ad480000)
 Metaspace       used 66742K, committed 68288K, reserved 1114112K
  class space    used 6752K, committed 7424K, reserved 1048576K
}
Event: 4411.956 GC heap after
{Heap after GC invocations=1590 (full 3):
 PSYoungGen      total 11776K, used 2552K [0x00000000d5580000, 0x00000000d7880000, 0x0000000100000000)
  eden space 9216K, 0% used [0x00000000d5580000,0x00000000d5580000,0x00000000d5e80000)
  from space 2560K, 99% used [0x00000000d5e80000,0x00000000d60fe000,0x00000000d6100000)
  to   space 12288K, 0% used [0x00000000d6c80000,0x00000000d6c80000,0x00000000d7880000)
 ParOldGen       total 741888K, used 584068K [0x0000000080000000, 0x00000000ad480000, 0x00000000d5580000)
  object space 741888K, 78% used [0x0000000080000000,0x00000000a3a61108,0x00000000ad480000)
 Metaspace       used 66742K, committed 68288K, reserved 1114112K
  class space    used 6752K, committed 7424K, reserved 1048576K
}
Event: 4473.873 GC heap before
{Heap before GC invocations=1591 (full 3):
 PSYoungGen      total 11776K, used 11768K [0x00000000d5580000, 0x00000000d7880000, 0x0000000100000000)
  eden space 9216K, 100% used [0x00000000d5580000,0x00000000d5e80000,0x00000000d5e80000)
  from space 2560K, 99% used [0x00000000d5e80000,0x00000000d60fe000,0x00000000d6100000)
  to   space 12288K, 0% used [0x00000000d6c80000,0x00000000d6c80000,0x00000000d7880000)
 ParOldGen       total 741888K, used 584068K [0x0000000080000000, 0x00000000ad480000, 0x00000000d5580000)
  object space 741888K, 78% used [0x0000000080000000,0x00000000a3a61108,0x00000000ad480000)
 Metaspace       used 66752K, committed 68288K, reserved 1114112K
  class space    used 6752K, committed 7424K, reserved 1048576K
}
Event: 4473.910 GC heap after
{Heap after GC invocations=1591 (full 3):
 PSYoungGen      total 15872K, used 4481K [0x00000000d5580000, 0x00000000d7100000, 0x0000000100000000)
  eden space 11264K, 0% used [0x00000000d5580000,0x00000000d5580000,0x00000000d6080000)
  from space 4608K, 97% used [0x00000000d6c80000,0x00000000d70e0410,0x00000000d7100000)
  to   space 7168K, 0% used [0x00000000d6300000,0x00000000d6300000,0x00000000d6a00000)
 ParOldGen       total 741888K, used 586412K [0x0000000080000000, 0x00000000ad480000, 0x00000000d5580000)
  object space 741888K, 79% used [0x0000000080000000,0x00000000a3cab108,0x00000000ad480000)
 Metaspace       used 66752K, committed 68288K, reserved 1114112K
  class space    used 6752K, committed 7424K, reserved 1048576K
}
Event: 4473.961 GC heap before
{Heap before GC invocations=1592 (full 3):
 PSYoungGen      total 15872K, used 15745K [0x00000000d5580000, 0x00000000d7100000, 0x0000000100000000)
  eden space 11264K, 100% used [0x00000000d5580000,0x00000000d6080000,0x00000000d6080000)
  from space 4608K, 97% used [0x00000000d6c80000,0x00000000d70e0410,0x00000000d7100000)
  to   space 7168K, 0% used [0x00000000d6300000,0x00000000d6300000,0x00000000d6a00000)
 ParOldGen       total 741888K, used 586412K [0x0000000080000000, 0x00000000ad480000, 0x00000000d5580000)
  object space 741888K, 79% used [0x0000000080000000,0x00000000a3cab108,0x00000000ad480000)
 Metaspace       used 66753K, committed 68288K, reserved 1114112K
  class space    used 6752K, committed 7424K, reserved 1048576K
}
Event: 4473.988 GC heap after
{Heap after GC invocations=1592 (full 3):
 PSYoungGen      total 20992K, used 7152K [0x00000000d5580000, 0x00000000d7d00000, 0x0000000100000000)
  eden space 13824K, 0% used [0x00000000d5580000,0x00000000d5580000,0x00000000d6300000)
  from space 7168K, 99% used [0x00000000d6300000,0x00000000d69fc010,0x00000000d6a00000)
  to   space 13312K, 0% used [0x00000000d7000000,0x00000000d7000000,0x00000000d7d00000)
 ParOldGen       total 741888K, used 590805K [0x0000000080000000, 0x00000000ad480000, 0x00000000d5580000)
  object space 741888K, 79% used [0x0000000080000000,0x00000000a40f5528,0x00000000ad480000)
 Metaspace       used 66753K, committed 68288K, reserved 1114112K
  class space    used 6752K, committed 7424K, reserved 1048576K
}
Event: 4474.168 GC heap before
{Heap before GC invocations=1593 (full 3):
 PSYoungGen      total 20992K, used 20976K [0x00000000d5580000, 0x00000000d7d00000, 0x0000000100000000)
  eden space 13824K, 100% used [0x00000000d5580000,0x00000000d6300000,0x00000000d6300000)
  from space 7168K, 99% used [0x00000000d6300000,0x00000000d69fc010,0x00000000d6a00000)
  to   space 13312K, 0% used [0x00000000d7000000,0x00000000d7000000,0x00000000d7d00000)
 ParOldGen       total 741888K, used 590805K [0x0000000080000000, 0x00000000ad480000, 0x00000000d5580000)
  object space 741888K, 79% used [0x0000000080000000,0x00000000a40f5528,0x00000000ad480000)
 Metaspace       used 66757K, committed 68288K, reserved 1114112K
  class space    used 6752K, committed 7424K, reserved 1048576K
}
Event: 4474.224 GC heap after
{Heap after GC invocations=1593 (full 3):
 PSYoungGen      total 27648K, used 12142K [0x00000000d5580000, 0x00000000d7f00000, 0x0000000100000000)
  eden space 14336K, 0% used [0x00000000d5580000,0x00000000d5580000,0x00000000d6380000)
  from space 13312K, 91% used [0x00000000d7000000,0x00000000d7bdba10,0x00000000d7d00000)
  to   space 12800K, 0% used [0x00000000d6380000,0x00000000d6380000,0x00000000d7000000)
 ParOldGen       total 741888K, used 597413K [0x0000000080000000, 0x00000000ad480000, 0x00000000d5580000)
  object space 741888K, 80% used [0x0000000080000000,0x00000000a4769528,0x00000000ad480000)
 Metaspace       used 66757K, committed 68288K, reserved 1114112K
  class space    used 6752K, committed 7424K, reserved 1048576K
}

