# JRE version: OpenJDK Runtime Environment Temurin-21.0.10+7 (21.0.10+7) (build 21.0.10+7-LTS)
# Java VM: OpenJDK 64-Bit Server VM Temurin-21.0.10+7 (21.0.10+7-LTS, mixed mode, sharing, tiered, compressed oops, compressed class ptrs, parallel gc, windows-amd64)
GC Precious Log:
 CardTable entry size: 512
 CPUs: 8 total, 8 available
 Memory: 6091M
 Large Page Support: Disabled
 NUMA Support: Disabled
 Compressed Oops: Enabled (32-bit)
 Alignments: Space 512K, Generation 512K, Heap 2M
 Heap Min Capacity: 100M
 Heap Initial Capacity: 100M
 Heap Max Capacity: 2G
 Pre-touch: Disabled
 Parallel Workers: 8
Heap:
 PSYoungGen      total 2048K, used 1269K [0x00000000d5580000, 0x00000000d5880000, 0x0000000100000000)
  eden space 1536K, 63% used [0x00000000d5580000,0x00000000d5675698,0x00000000d5700000)
  from space 512K, 56% used [0x00000000d5800000,0x00000000d5848000,0x00000000d5880000)
  to   space 512K, 0% used [0x00000000d5780000,0x00000000d5780000,0x00000000d5800000)
 ParOldGen       total 387584K, used 387520K [0x0000000080000000, 0x0000000097a80000, 0x00000000d5580000)
  object space 387584K, 99% used [0x0000000080000000,0x0000000097a70018,0x0000000097a80000)
 Metaspace       used 74949K, committed 76480K, reserved 1179648K
  class space    used 9316K, committed 9984K, reserved 1048576K
GC Heap History (20 events):
Event: 208.827 GC heap before
{Heap before GC invocations=504 (full 4):
 PSYoungGen      total 2048K, used 1856K [0x00000000d5580000, 0x00000000d5880000, 0x0000000100000000)
  eden space 1536K, 100% used [0x00000000d5580000,0x00000000d5700000,0x00000000d5700000)
  from space 512K, 62% used [0x00000000d5780000,0x00000000d57d0000,0x00000000d5800000)
  to   space 512K, 0% used [0x00000000d5800000,0x00000000d5800000,0x00000000d5880000)
 ParOldGen       total 385536K, used 385289K [0x0000000080000000, 0x0000000097880000, 0x00000000d5580000)
  object space 385536K, 99% used [0x0000000080000000,0x0000000097842508,0x0000000097880000)
 Metaspace       used 74947K, committed 76480K, reserved 1179648K
  class space    used 9316K, committed 9984K, reserved 1048576K
}
Event: 208.830 GC heap after
{Heap after GC invocations=504 (full 4):
 PSYoungGen      total 2048K, used 288K [0x00000000d5580000, 0x00000000d5880000, 0x0000000100000000)
  eden space 1536K, 0% used [0x00000000d5580000,0x00000000d5580000,0x00000000d5700000)
  from space 512K, 56% used [0x00000000d5800000,0x00000000d5848000,0x00000000d5880000)
  to   space 512K, 0% used [0x00000000d5780000,0x00000000d5780000,0x00000000d5800000)
 ParOldGen       total 385536K, used 385513K [0x0000000080000000, 0x0000000097880000, 0x00000000d5580000)
  object space 385536K, 99% used [0x0000000080000000,0x000000009787a508,0x0000000097880000)
 Metaspace       used 74947K, committed 76480K, reserved 1179648K
  class space    used 9316K, committed 9984K, reserved 1048576K
}
Event: 208.855 GC heap before
{Heap before GC invocations=505 (full 4):
 PSYoungGen      total 2048K, used 1824K [0x00000000d5580000, 0x00000000d5880000, 0x0000000100000000)
  eden space 1536K, 100% used [0x00000000d5580000,0x00000000d5700000,0x00000000d5700000)
  from space 512K, 56% used [0x00000000d5800000,0x00000000d5848000,0x00000000d5880000)
  to   space 512K, 0% used [0x00000000d5780000,0x00000000d5780000,0x00000000d5800000)
 ParOldGen       total 385536K, used 385513K [0x0000000080000000, 0x0000000097880000, 0x00000000d5580000)
  object space 385536K, 99% used [0x0000000080000000,0x000000009787a508,0x0000000097880000)
 Metaspace       used 74947K, committed 76480K, reserved 1179648K
  class space    used 9316K, committed 9984K, reserved 1048576K
}
Event: 208.858 GC heap after
{Heap after GC invocations=505 (full 4):
 PSYoungGen      total 2048K, used 370K [0x00000000d5580000, 0x00000000d5880000, 0x0000000100000000)
  eden space 1536K, 0% used [0x00000000d5580000,0x00000000d5580000,0x00000000d5700000)
  from space 512K, 72% used [0x00000000d5780000,0x00000000d57dca28,0x00000000d5800000)
  to   space 512K, 0% used [0x00000000d5800000,0x00000000d5800000,0x00000000d5880000)
 ParOldGen       total 386048K, used 385889K [0x0000000080000000, 0x0000000097900000, 0x00000000d5580000)
  object space 386048K, 99% used [0x0000000080000000,0x00000000978d8510,0x0000000097900000)
 Metaspace       used 74947K, committed 76480K, reserved 1179648K
  class space    used 9316K, committed 9984K, reserved 1048576K
}
Event: 208.893 GC heap before
{Heap before GC invocations=506 (full 4):
 PSYoungGen      total 2048K, used 1906K [0x00000000d5580000, 0x00000000d5880000, 0x0000000100000000)
  eden space 1536K, 100% used [0x00000000d5580000,0x00000000d5700000,0x00000000d5700000)
  from space 512K, 72% used [0x00000000d5780000,0x00000000d57dca28,0x00000000d5800000)
  to   space 512K, 0% used [0x00000000d5800000,0x00000000d5800000,0x00000000d5880000)
 ParOldGen       total 386048K, used 385889K [0x0000000080000000, 0x0000000097900000, 0x00000000d5580000)
  object space 386048K, 99% used [0x0000000080000000,0x00000000978d8510,0x0000000097900000)
 Metaspace       used 74947K, committed 76480K, reserved 1179648K
  class space    used 9316K, committed 9984K, reserved 1048576K
}
Event: 208.896 GC heap after
{Heap after GC invocations=506 (full 4):
 PSYoungGen      total 2048K, used 320K [0x00000000d5580000, 0x00000000d5880000, 0x0000000100000000)
  eden space 1536K, 0% used [0x00000000d5580000,0x00000000d5580000,0x00000000d5700000)
  from space 512K, 62% used [0x00000000d5800000,0x00000000d5850000,0x00000000d5880000)
  to   space 512K, 0% used [0x00000000d5780000,0x00000000d5780000,0x00000000d5800000)
 ParOldGen       total 386048K, used 386025K [0x0000000080000000, 0x0000000097900000, 0x00000000d5580000)
  object space 386048K, 99% used [0x0000000080000000,0x00000000978fa510,0x0000000097900000)
 Metaspace       used 74947K, committed 76480K, reserved 1179648K
  class space    used 9316K, committed 9984K, reserved 1048576K
}
Event: 208.923 GC heap before
{Heap before GC invocations=507 (full 4):
 PSYoungGen      total 2048K, used 1854K [0x00000000d5580000, 0x00000000d5880000, 0x0000000100000000)
  eden space 1536K, 99% used [0x00000000d5580000,0x00000000d56ffbd8,0x00000000d5700000)
  from space 512K, 62% used [0x00000000d5800000,0x00000000d5850000,0x00000000d5880000)
  to   space 512K, 0% used [0x00000000d5780000,0x00000000d5780000,0x00000000d5800000)
 ParOldGen       total 386048K, used 386025K [0x0000000080000000, 0x0000000097900000, 0x00000000d5580000)
  object space 386048K, 99% used [0x0000000080000000,0x00000000978fa510,0x0000000097900000)
 Metaspace       used 74947K, committed 76480K, reserved 1179648K
  class space    used 9316K, committed 9984K, reserved 1048576K
}
Event: 208.924 GC heap after
{Heap after GC invocations=507 (full 4):
 PSYoungGen      total 2048K, used 288K [0x00000000d5580000, 0x00000000d5880000, 0x0000000100000000)
  eden space 1536K, 0% used [0x00000000d5580000,0x00000000d5580000,0x00000000d5700000)
  from space 512K, 56% used [0x00000000d5780000,0x00000000d57c8000,0x00000000d5800000)
  to   space 512K, 0% used [0x00000000d5800000,0x00000000d5800000,0x00000000d5880000)
 ParOldGen       total 386560K, used 386225K [0x0000000080000000, 0x0000000097980000, 0x00000000d5580000)
  object space 386560K, 99% used [0x0000000080000000,0x000000009792c510,0x0000000097980000)
 Metaspace       used 74947K, committed 76480K, reserved 1179648K
  class space    used 9316K, committed 9984K, reserved 1048576K
}
Event: 208.944 GC heap before
{Heap before GC invocations=508 (full 4):
 PSYoungGen      total 2048K, used 1824K [0x00000000d5580000, 0x00000000d5880000, 0x0000000100000000)
  eden space 1536K, 100% used [0x00000000d5580000,0x00000000d5700000,0x00000000d5700000)
  from space 512K, 56% used [0x00000000d5780000,0x00000000d57c8000,0x00000000d5800000)
  to   space 512K, 0% used [0x00000000d5800000,0x00000000d5800000,0x00000000d5880000)
 ParOldGen       total 386560K, used 386225K [0x0000000080000000, 0x0000000097980000, 0x00000000d5580000)
  object space 386560K, 99% used [0x0000000080000000,0x000000009792c510,0x0000000097980000)
 Metaspace       used 74947K, committed 76480K, reserved 1179648K
  class space    used 9316K, committed 9984K, reserved 1048576K
}
Event: 208.946 GC heap after
{Heap after GC invocations=508 (full 4):
 PSYoungGen      total 2048K, used 320K [0x00000000d5580000, 0x00000000d5880000, 0x0000000100000000)
  eden space 1536K, 0% used [0x00000000d5580000,0x00000000d5580000,0x00000000d5700000)
  from space 512K, 62% used [0x00000000d5800000,0x00000000d5850000,0x00000000d5880000)
  to   space 512K, 0% used [0x00000000d5780000,0x00000000d5780000,0x00000000d5800000)
 ParOldGen       total 386560K, used 386416K [0x0000000080000000, 0x0000000097980000, 0x00000000d5580000)
  object space 386560K, 99% used [0x0000000080000000,0x000000009795c018,0x0000000097980000)
 Metaspace       used 74947K, committed 76480K, reserved 1179648K
  class space    used 9316K, committed 9984K, reserved 1048576K
}
Event: 208.972 GC heap before
{Heap before GC invocations=509 (full 4):
 PSYoungGen      total 2048K, used 1856K [0x00000000d5580000, 0x00000000d5880000, 0x0000000100000000)
  eden space 1536K, 100% used [0x00000000d5580000,0x00000000d5700000,0x00000000d5700000)
  from space 512K, 62% used [0x00000000d5800000,0x00000000d5850000,0x00000000d5880000)
  to   space 512K, 0% used [0x00000000d5780000,0x00000000d5780000,0x00000000d5800000)
 ParOldGen       total 386560K, used 386416K [0x0000000080000000, 0x0000000097980000, 0x00000000d5580000)
  object space 386560K, 99% used [0x0000000080000000,0x000000009795c018,0x0000000097980000)
 Metaspace       used 74947K, committed 76480K, reserved 1179648K
  class space    used 9316K, committed 9984K, reserved 1048576K
}
Event: 208.975 GC heap after
{Heap after GC invocations=509 (full 4):
 PSYoungGen      total 2048K, used 256K [0x00000000d5580000, 0x00000000d5880000, 0x0000000100000000)
  eden space 1536K, 0% used [0x00000000d5580000,0x00000000d5580000,0x00000000d5700000)
  from space 512K, 50% used [0x00000000d5780000,0x00000000d57c0000,0x00000000d5800000)
  to   space 512K, 0% used [0x00000000d5800000,0x00000000d5800000,0x00000000d5880000)
 ParOldGen       total 387072K, used 386592K [0x0000000080000000, 0x0000000097a00000, 0x00000000d5580000)
  object space 387072K, 99% used [0x0000000080000000,0x0000000097988018,0x0000000097a00000)
 Metaspace       used 74947K, committed 76480K, reserved 1179648K
  class space    used 9316K, committed 9984K, reserved 1048576K
}
Event: 208.999 GC heap before
{Heap before GC invocations=510 (full 4):
 PSYoungGen      total 2048K, used 1783K [0x00000000d5580000, 0x00000000d5880000, 0x0000000100000000)
  eden space 1536K, 99% used [0x00000000d5580000,0x00000000d56fdc80,0x00000000d5700000)
  from space 512K, 50% used [0x00000000d5780000,0x00000000d57c0000,0x00000000d5800000)
  to   space 512K, 0% used [0x00000000d5800000,0x00000000d5800000,0x00000000d5880000)
 ParOldGen       total 387072K, used 386592K [0x0000000080000000, 0x0000000097a00000, 0x00000000d5580000)
  object space 387072K, 99% used [0x0000000080000000,0x0000000097988018,0x0000000097a00000)
 Metaspace       used 74947K, committed 76480K, reserved 1179648K
  class space    used 9316K, committed 9984K, reserved 1048576K
}
Event: 209.002 GC heap after
{Heap after GC invocations=510 (full 4):
 PSYoungGen      total 2048K, used 288K [0x00000000d5580000, 0x00000000d5880000, 0x0000000100000000)
  eden space 1536K, 0% used [0x00000000d5580000,0x00000000d5580000,0x00000000d5700000)
  from space 512K, 56% used [0x00000000d5800000,0x00000000d5848000,0x00000000d5880000)
  to   space 512K, 0% used [0x00000000d5780000,0x00000000d5780000,0x00000000d5800000)
 ParOldGen       total 387072K, used 386760K [0x0000000080000000, 0x0000000097a00000, 0x00000000d5580000)
  object space 387072K, 99% used [0x0000000080000000,0x00000000979b2018,0x0000000097a00000)
 Metaspace       used 74947K, committed 76480K, reserved 1179648K
  class space    used 9316K, committed 9984K, reserved 1048576K
}
Event: 209.020 GC heap before
{Heap before GC invocations=511 (full 4):
 PSYoungGen      total 2048K, used 1817K [0x00000000d5580000, 0x00000000d5880000, 0x0000000100000000)
  eden space 1536K, 99% used [0x00000000d5580000,0x00000000d56fe488,0x00000000d5700000)
  from space 512K, 56% used [0x00000000d5800000,0x00000000d5848000,0x00000000d5880000)
  to   space 512K, 0% used [0x00000000d5780000,0x00000000d5780000,0x00000000d5800000)
 ParOldGen       total 387072K, used 386760K [0x0000000080000000, 0x0000000097a00000, 0x00000000d5580000)
  object space 387072K, 99% used [0x0000000080000000,0x00000000979b2018,0x0000000097a00000)
 Metaspace       used 74947K, committed 76480K, reserved 1179648K
  class space    used 9316K, committed 9984K, reserved 1048576K
}
Event: 209.022 GC heap after
{Heap after GC invocations=511 (full 4):
 PSYoungGen      total 2048K, used 288K [0x00000000d5580000, 0x00000000d5880000, 0x0000000100000000)
  eden space 1536K, 0% used [0x00000000d5580000,0x00000000d5580000,0x00000000d5700000)
  from space 512K, 56% used [0x00000000d5780000,0x00000000d57c8000,0x00000000d5800000)
  to   space 512K, 0% used [0x00000000d5800000,0x00000000d5800000,0x00000000d5880000)
 ParOldGen       total 387072K, used 386936K [0x0000000080000000, 0x0000000097a00000, 0x00000000d5580000)
  object space 387072K, 99% used [0x0000000080000000,0x00000000979de018,0x0000000097a00000)
 Metaspace       used 74947K, committed 76480K, reserved 1179648K
  class space    used 9316K, committed 9984K, reserved 1048576K
}
Event: 209.041 GC heap before
{Heap before GC invocations=512 (full 4):
 PSYoungGen      total 2048K, used 1824K [0x00000000d5580000, 0x00000000d5880000, 0x0000000100000000)
  eden space 1536K, 100% used [0x00000000d5580000,0x00000000d5700000,0x00000000d5700000)
  from space 512K, 56% used [0x00000000d5780000,0x00000000d57c8000,0x00000000d5800000)
  to   space 512K, 0% used [0x00000000d5800000,0x00000000d5800000,0x00000000d5880000)
 ParOldGen       total 387072K, used 386936K [0x0000000080000000, 0x0000000097a00000, 0x00000000d5580000)
  object space 387072K, 99% used [0x0000000080000000,0x00000000979de018,0x0000000097a00000)
 Metaspace       used 74947K, committed 76480K, reserved 1179648K
  class space    used 9316K, committed 9984K, reserved 1048576K
}
Event: 209.043 GC heap after
{Heap after GC invocations=512 (full 4):
 PSYoungGen      total 2048K, used 256K [0x00000000d5580000, 0x00000000d5880000, 0x0000000100000000)
  eden space 1536K, 0% used [0x00000000d5580000,0x00000000d5580000,0x00000000d5700000)
  from space 512K, 50% used [0x00000000d5800000,0x00000000d5840000,0x00000000d5880000)
  to   space 512K, 0% used [0x00000000d5780000,0x00000000d5780000,0x00000000d5800000)
 ParOldGen       total 387584K, used 387128K [0x0000000080000000, 0x0000000097a80000, 0x00000000d5580000)
  object space 387584K, 99% used [0x0000000080000000,0x0000000097a0e018,0x0000000097a80000)
 Metaspace       used 74947K, committed 76480K, reserved 1179648K
  class space    used 9316K, committed 9984K, reserved 1048576K
}
Event: 209.067 GC heap before
{Heap before GC invocations=513 (full 4):
 PSYoungGen      total 2048K, used 1792K [0x00000000d5580000, 0x00000000d5880000, 0x0000000100000000)
  eden space 1536K, 100% used [0x00000000d5580000,0x00000000d5700000,0x00000000d5700000)
  from space 512K, 50% used [0x00000000d5800000,0x00000000d5840000,0x00000000d5880000)
  to   space 512K, 0% used [0x00000000d5780000,0x00000000d5780000,0x00000000d5800000)
 ParOldGen       total 387584K, used 387128K [0x0000000080000000, 0x0000000097a80000, 0x00000000d5580000)
  object space 387584K, 99% used [0x0000000080000000,0x0000000097a0e018,0x0000000097a80000)
 Metaspace       used 74947K, committed 76480K, reserved 1179648K
  class space    used 9316K, committed 9984K, reserved 1048576K
}
Event: 210.070 GC heap after
{Heap after GC invocations=513 (full 4):
 PSYoungGen      total 2048K, used 497K [0x00000000d5580000, 0x00000000d5900000, 0x0000000100000000)
  eden space 1536K, 0% used [0x00000000d5580000,0x00000000d5580000,0x00000000d5700000)
  from space 512K, 97% used [0x00000000d5780000,0x00000000d57fc7d8,0x00000000d5800000)
  to   space 1024K, 0% used [0x00000000d5800000,0x00000000d5800000,0x00000000d5900000)
 ParOldGen       total 387584K, used 387296K [0x0000000080000000, 0x0000000097a80000, 0x00000000d5580000)
  object space 387584K, 99% used [0x0000000080000000,0x0000000097a38018,0x0000000097a80000)
 Metaspace       used 74947K, committed 76480K, reserved 1179648K
  class space    used 9316K, committed 9984K, reserved 1048576K
}

