# JRE version: OpenJDK Runtime Environment Temurin-21.0.10+7 (21.0.10+7) (build 21.0.10+7-LTS)
# Java VM: OpenJDK 64-Bit Server VM Temurin-21.0.10+7 (21.0.10+7-LTS, mixed mode, sharing, tiered, compressed oops, compressed class ptrs, parallel gc, windows-amd64)
GC Precious Log:
 CardTable entry size: 512
 CPUs: 8 total, 8 available
 Memory: 6091M
 Large Page Support: Disabled
 NUMA Support: Disabled
 Compressed Oops: Enabled (32-bit)
 Alignments: Space 512K, Generation 512K, Heap 2M
 Heap Min Capacity: 100M
 Heap Initial Capacity: 100M
 Heap Max Capacity: 2G
 Pre-touch: Disabled
 Parallel Workers: 8
Heap:
 PSYoungGen      total 5120K, used 4149K [0x00000000d5580000, 0x00000000d5c80000, 0x0000000100000000)
  eden space 4608K, 86% used [0x00000000d5580000,0x00000000d59655b8,0x00000000d5a00000)
  from space 512K, 31% used [0x00000000d5b80000,0x00000000d5ba8000,0x00000000d5c00000)
  to   space 512K, 0% used [0x00000000d5c00000,0x00000000d5c00000,0x00000000d5c80000)
 ParOldGen       total 110592K, used 110437K [0x0000000080000000, 0x0000000086c00000, 0x00000000d5580000)
  object space 110592K, 99% used [0x0000000080000000,0x0000000086bd97e0,0x0000000086c00000)
 Metaspace       used 64338K, committed 65600K, reserved 1114112K
  class space    used 6644K, committed 7168K, reserved 1048576K
GC Heap History (20 events):
Event: 16898.781 GC heap before
{Heap before GC invocations=125 (full 3):
 PSYoungGen      total 7168K, used 5664K [0x00000000d5580000, 0x00000000d5e00000, 0x0000000100000000)
  eden space 4608K, 100% used [0x00000000d5580000,0x00000000d5a00000,0x00000000d5a00000)
  from space 2560K, 41% used [0x00000000d5a00000,0x00000000d5b08010,0x00000000d5c80000)
  to   space 1536K, 0% used [0x00000000d5c80000,0x00000000d5c80000,0x00000000d5e00000)
 ParOldGen       total 107008K, used 106535K [0x0000000080000000, 0x0000000086880000, 0x00000000d5580000)
  object space 107008K, 99% used [0x0000000080000000,0x0000000086809e08,0x0000000086880000)
 Metaspace       used 63798K, committed 65088K, reserved 1114112K
  class space    used 6593K, committed 7168K, reserved 1048576K
}
Event: 16898.785 GC heap after
{Heap after GC invocations=125 (full 3):
 PSYoungGen      total 5632K, used 896K [0x00000000d5580000, 0x00000000d5d80000, 0x0000000100000000)
  eden space 4608K, 0% used [0x00000000d5580000,0x00000000d5580000,0x00000000d5a00000)
  from space 1024K, 87% used [0x00000000d5c80000,0x00000000d5d60000,0x00000000d5d80000)
  to   space 1536K, 0% used [0x00000000d5a80000,0x00000000d5a80000,0x00000000d5c00000)
 ParOldGen       total 107520K, used 107478K [0x0000000080000000, 0x0000000086900000, 0x00000000d5580000)
  object space 107520K, 99% used [0x0000000080000000,0x00000000868f58d0,0x0000000086900000)
 Metaspace       used 63798K, committed 65088K, reserved 1114112K
  class space    used 6593K, committed 7168K, reserved 1048576K
}
Event: 16898.868 GC heap before
{Heap before GC invocations=126 (full 3):
 PSYoungGen      total 5632K, used 5504K [0x00000000d5580000, 0x00000000d5d80000, 0x0000000100000000)
  eden space 4608K, 100% used [0x00000000d5580000,0x00000000d5a00000,0x00000000d5a00000)
  from space 1024K, 87% used [0x00000000d5c80000,0x00000000d5d60000,0x00000000d5d80000)
  to   space 1536K, 0% used [0x00000000d5a80000,0x00000000d5a80000,0x00000000d5c00000)
 ParOldGen       total 107520K, used 107478K [0x0000000080000000, 0x0000000086900000, 0x00000000d5580000)
  object space 107520K, 99% used [0x0000000080000000,0x00000000868f58d0,0x0000000086900000)
 Metaspace       used 63811K, committed 65088K, reserved 1114112K
  class space    used 6593K, committed 7168K, reserved 1048576K
}
Event: 16898.873 GC heap after
{Heap after GC invocations=126 (full 3):
 PSYoungGen      total 6144K, used 1184K [0x00000000d5580000, 0x00000000d5d00000, 0x0000000100000000)
  eden space 4608K, 0% used [0x00000000d5580000,0x00000000d5580000,0x00000000d5a00000)
  from space 1536K, 77% used [0x00000000d5a80000,0x00000000d5ba8010,0x00000000d5c00000)
  to   space 1024K, 0% used [0x00000000d5c00000,0x00000000d5c00000,0x00000000d5d00000)
 ParOldGen       total 108544K, used 108294K [0x0000000080000000, 0x0000000086a00000, 0x00000000d5580000)
  object space 108544K, 99% used [0x0000000080000000,0x00000000869c18f0,0x0000000086a00000)
 Metaspace       used 63811K, committed 65088K, reserved 1114112K
  class space    used 6593K, committed 7168K, reserved 1048576K
}
Event: 16899.022 GC heap before
{Heap before GC invocations=127 (full 3):
 PSYoungGen      total 6144K, used 5792K [0x00000000d5580000, 0x00000000d5d00000, 0x0000000100000000)
  eden space 4608K, 100% used [0x00000000d5580000,0x00000000d5a00000,0x00000000d5a00000)
  from space 1536K, 77% used [0x00000000d5a80000,0x00000000d5ba8010,0x00000000d5c00000)
  to   space 1024K, 0% used [0x00000000d5c00000,0x00000000d5c00000,0x00000000d5d00000)
 ParOldGen       total 108544K, used 108305K [0x0000000080000000, 0x0000000086a00000, 0x00000000d5580000)
  object space 108544K, 99% used [0x0000000080000000,0x00000000869c4600,0x0000000086a00000)
 Metaspace       used 63936K, committed 65216K, reserved 1114112K
  class space    used 6605K, committed 7168K, reserved 1048576K
}
Event: 16899.027 GC heap after
{Heap after GC invocations=127 (full 3):
 PSYoungGen      total 5632K, used 615K [0x00000000d5580000, 0x00000000d5d00000, 0x0000000100000000)
  eden space 4608K, 0% used [0x00000000d5580000,0x00000000d5580000,0x00000000d5a00000)
  from space 1024K, 60% used [0x00000000d5c00000,0x00000000d5c99e90,0x00000000d5d00000)
  to   space 1024K, 0% used [0x00000000d5b00000,0x00000000d5b00000,0x00000000d5c00000)
 ParOldGen       total 109568K, used 109417K [0x0000000080000000, 0x0000000086b00000, 0x00000000d5580000)
  object space 109568K, 99% used [0x0000000080000000,0x0000000086ada630,0x0000000086b00000)
 Metaspace       used 63936K, committed 65216K, reserved 1114112K
  class space    used 6605K, committed 7168K, reserved 1048576K
}
Event: 17010.567 GC heap before
{Heap before GC invocations=128 (full 3):
 PSYoungGen      total 5632K, used 5223K [0x00000000d5580000, 0x00000000d5d00000, 0x0000000100000000)
  eden space 4608K, 100% used [0x00000000d5580000,0x00000000d5a00000,0x00000000d5a00000)
  from space 1024K, 60% used [0x00000000d5c00000,0x00000000d5c99e90,0x00000000d5d00000)
  to   space 1024K, 0% used [0x00000000d5b00000,0x00000000d5b00000,0x00000000d5c00000)
 ParOldGen       total 109568K, used 109427K [0x0000000080000000, 0x0000000086b00000, 0x00000000d5580000)
  object space 109568K, 99% used [0x0000000080000000,0x0000000086adcf00,0x0000000086b00000)
 Metaspace       used 64311K, committed 65536K, reserved 1114112K
  class space    used 6644K, committed 7168K, reserved 1048576K
}
Event: 17010.595 GC heap after
{Heap after GC invocations=128 (full 3):
 PSYoungGen      total 5632K, used 547K [0x00000000d5580000, 0x00000000d5c80000, 0x0000000100000000)
  eden space 4608K, 0% used [0x00000000d5580000,0x00000000d5580000,0x00000000d5a00000)
  from space 1024K, 53% used [0x00000000d5b00000,0x00000000d5b88df8,0x00000000d5c00000)
  to   space 512K, 0% used [0x00000000d5c00000,0x00000000d5c00000,0x00000000d5c80000)
 ParOldGen       total 110080K, used 109942K [0x0000000080000000, 0x0000000086b80000, 0x00000000d5580000)
  object space 110080K, 99% used [0x0000000080000000,0x0000000086b5da48,0x0000000086b80000)
 Metaspace       used 64311K, committed 65536K, reserved 1114112K
  class space    used 6644K, committed 7168K, reserved 1048576K
}
Event: 17385.084 GC heap before
{Heap before GC invocations=129 (full 3):
 PSYoungGen      total 5632K, used 5155K [0x00000000d5580000, 0x00000000d5c80000, 0x0000000100000000)
  eden space 4608K, 100% used [0x00000000d5580000,0x00000000d5a00000,0x00000000d5a00000)
  from space 1024K, 53% used [0x00000000d5b00000,0x00000000d5b88df8,0x00000000d5c00000)
  to   space 512K, 0% used [0x00000000d5c00000,0x00000000d5c00000,0x00000000d5c80000)
 ParOldGen       total 110080K, used 109942K [0x0000000080000000, 0x0000000086b80000, 0x00000000d5580000)
  object space 110080K, 99% used [0x0000000080000000,0x0000000086b5da48,0x0000000086b80000)
 Metaspace       used 64321K, committed 65536K, reserved 1114112K
  class space    used 6644K, committed 7168K, reserved 1048576K
}
Event: 17385.114 GC heap after
{Heap after GC invocations=129 (full 3):
 PSYoungGen      total 5120K, used 160K [0x00000000d5580000, 0x00000000d5c80000, 0x0000000100000000)
  eden space 4608K, 0% used [0x00000000d5580000,0x00000000d5580000,0x00000000d5a00000)
  from space 512K, 31% used [0x00000000d5c00000,0x00000000d5c28000,0x00000000d5c80000)
  to   space 512K, 0% used [0x00000000d5b80000,0x00000000d5b80000,0x00000000d5c00000)
 ParOldGen       total 110592K, used 110381K [0x0000000080000000, 0x0000000086c00000, 0x00000000d5580000)
  object space 110592K, 99% used [0x0000000080000000,0x0000000086bcb7e0,0x0000000086c00000)
 Metaspace       used 64321K, committed 65536K, reserved 1114112K
  class space    used 6644K, committed 7168K, reserved 1048576K
}
Event: 17793.788 GC heap before
{Heap before GC invocations=130 (full 3):
 PSYoungGen      total 5120K, used 4768K [0x00000000d5580000, 0x00000000d5c80000, 0x0000000100000000)
  eden space 4608K, 100% used [0x00000000d5580000,0x00000000d5a00000,0x00000000d5a00000)
  from space 512K, 31% used [0x00000000d5c00000,0x00000000d5c28000,0x00000000d5c80000)
  to   space 512K, 0% used [0x00000000d5b80000,0x00000000d5b80000,0x00000000d5c00000)
 ParOldGen       total 110592K, used 110381K [0x0000000080000000, 0x0000000086c00000, 0x00000000d5580000)
  object space 110592K, 99% used [0x0000000080000000,0x0000000086bcb7e0,0x0000000086c00000)
 Metaspace       used 64323K, committed 65536K, reserved 1114112K
  class space    used 6644K, committed 7168K, reserved 1048576K
}
Event: 17793.841 GC heap after
{Heap after GC invocations=130 (full 3):
 PSYoungGen      total 5120K, used 192K [0x00000000d5580000, 0x00000000d5c80000, 0x0000000100000000)
  eden space 4608K, 0% used [0x00000000d5580000,0x00000000d5580000,0x00000000d5a00000)
  from space 512K, 37% used [0x00000000d5b80000,0x00000000d5bb0000,0x00000000d5c00000)
  to   space 512K, 0% used [0x00000000d5c00000,0x00000000d5c00000,0x00000000d5c80000)
 ParOldGen       total 110592K, used 110405K [0x0000000080000000, 0x0000000086c00000, 0x00000000d5580000)
  object space 110592K, 99% used [0x0000000080000000,0x0000000086bd17e0,0x0000000086c00000)
 Metaspace       used 64323K, committed 65536K, reserved 1114112K
  class space    used 6644K, committed 7168K, reserved 1048576K
}
Event: 18199.170 GC heap before
{Heap before GC invocations=131 (full 3):
 PSYoungGen      total 5120K, used 4800K [0x00000000d5580000, 0x00000000d5c80000, 0x0000000100000000)
  eden space 4608K, 100% used [0x00000000d5580000,0x00000000d5a00000,0x00000000d5a00000)
  from space 512K, 37% used [0x00000000d5b80000,0x00000000d5bb0000,0x00000000d5c00000)
  to   space 512K, 0% used [0x00000000d5c00000,0x00000000d5c00000,0x00000000d5c80000)
 ParOldGen       total 110592K, used 110405K [0x0000000080000000, 0x0000000086c00000, 0x00000000d5580000)
  object space 110592K, 99% used [0x0000000080000000,0x0000000086bd17e0,0x0000000086c00000)
 Metaspace       used 64329K, committed 65536K, reserved 1114112K
  class space    used 6644K, committed 7168K, reserved 1048576K
}
Event: 18199.207 GC heap after
{Heap after GC invocations=131 (full 3):
 PSYoungGen      total 5120K, used 160K [0x00000000d5580000, 0x00000000d5c80000, 0x0000000100000000)
  eden space 4608K, 0% used [0x00000000d5580000,0x00000000d5580000,0x00000000d5a00000)
  from space 512K, 31% used [0x00000000d5c00000,0x00000000d5c28000,0x00000000d5c80000)
  to   space 512K, 0% used [0x00000000d5b80000,0x00000000d5b80000,0x00000000d5c00000)
 ParOldGen       total 110592K, used 110413K [0x0000000080000000, 0x0000000086c00000, 0x00000000d5580000)
  object space 110592K, 99% used [0x0000000080000000,0x0000000086bd37e0,0x0000000086c00000)
 Metaspace       used 64329K, committed 65536K, reserved 1114112K
  class space    used 6644K, committed 7168K, reserved 1048576K
}
Event: 18605.921 GC heap before
{Heap before GC invocations=132 (full 3):
 PSYoungGen      total 5120K, used 4768K [0x00000000d5580000, 0x00000000d5c80000, 0x0000000100000000)
  eden space 4608K, 100% used [0x00000000d5580000,0x00000000d5a00000,0x00000000d5a00000)
  from space 512K, 31% used [0x00000000d5c00000,0x00000000d5c28000,0x00000000d5c80000)
  to   space 512K, 0% used [0x00000000d5b80000,0x00000000d5b80000,0x00000000d5c00000)
 ParOldGen       total 110592K, used 110413K [0x0000000080000000, 0x0000000086c00000, 0x00000000d5580000)
  object space 110592K, 99% used [0x0000000080000000,0x0000000086bd37e0,0x0000000086c00000)
 Metaspace       used 64329K, committed 65536K, reserved 1114112K
  class space    used 6644K, committed 7168K, reserved 1048576K
}
Event: 18605.960 GC heap after
{Heap after GC invocations=132 (full 3):
 PSYoungGen      total 5120K, used 160K [0x00000000d5580000, 0x00000000d5c80000, 0x0000000100000000)
  eden space 4608K, 0% used [0x00000000d5580000,0x00000000d5580000,0x00000000d5a00000)
  from space 512K, 31% used [0x00000000d5b80000,0x00000000d5ba8000,0x00000000d5c00000)
  to   space 512K, 0% used [0x00000000d5c00000,0x00000000d5c00000,0x00000000d5c80000)
 ParOldGen       total 110592K, used 110421K [0x0000000080000000, 0x0000000086c00000, 0x00000000d5580000)
  object space 110592K, 99% used [0x0000000080000000,0x0000000086bd57e0,0x0000000086c00000)
 Metaspace       used 64329K, committed 65536K, reserved 1114112K
  class space    used 6644K, committed 7168K, reserved 1048576K
}
Event: 19004.935 GC heap before
{Heap before GC invocations=133 (full 3):
 PSYoungGen      total 5120K, used 4768K [0x00000000d5580000, 0x00000000d5c80000, 0x0000000100000000)
  eden space 4608K, 100% used [0x00000000d5580000,0x00000000d5a00000,0x00000000d5a00000)
  from space 512K, 31% used [0x00000000d5b80000,0x00000000d5ba8000,0x00000000d5c00000)
  to   space 512K, 0% used [0x00000000d5c00000,0x00000000d5c00000,0x00000000d5c80000)
 ParOldGen       total 110592K, used 110421K [0x0000000080000000, 0x0000000086c00000, 0x00000000d5580000)
  object space 110592K, 99% used [0x0000000080000000,0x0000000086bd57e0,0x0000000086c00000)
 Metaspace       used 64329K, committed 65536K, reserved 1114112K
  class space    used 6644K, committed 7168K, reserved 1048576K
}
Event: 19004.974 GC heap after
{Heap after GC invocations=133 (full 3):
 PSYoungGen      total 5120K, used 128K [0x00000000d5580000, 0x00000000d5c80000, 0x0000000100000000)
  eden space 4608K, 0% used [0x00000000d5580000,0x00000000d5580000,0x00000000d5a00000)
  from space 512K, 25% used [0x00000000d5c00000,0x00000000d5c20000,0x00000000d5c80000)
  to   space 512K, 0% used [0x00000000d5b80000,0x00000000d5b80000,0x00000000d5c00000)
 ParOldGen       total 110592K, used 110437K [0x0000000080000000, 0x0000000086c00000, 0x00000000d5580000)
  object space 110592K, 99% used [0x0000000080000000,0x0000000086bd97e0,0x0000000086c00000)
 Metaspace       used 64329K, committed 65536K, reserved 1114112K
  class space    used 6644K, committed 7168K, reserved 1048576K
}
Event: 19404.564 GC heap before
{Heap before GC invocations=134 (full 3):
 PSYoungGen      total 5120K, used 4736K [0x00000000d5580000, 0x00000000d5c80000, 0x0000000100000000)
  eden space 4608K, 100% used [0x00000000d5580000,0x00000000d5a00000,0x00000000d5a00000)
  from space 512K, 25% used [0x00000000d5c00000,0x00000000d5c20000,0x00000000d5c80000)
  to   space 512K, 0% used [0x00000000d5b80000,0x00000000d5b80000,0x00000000d5c00000)
 ParOldGen       total 110592K, used 110437K [0x0000000080000000, 0x0000000086c00000, 0x00000000d5580000)
  object space 110592K, 99% used [0x0000000080000000,0x0000000086bd97e0,0x0000000086c00000)
 Metaspace       used 64335K, committed 65600K, reserved 1114112K
  class space    used 6644K, committed 7168K, reserved 1048576K
}
Event: 19404.600 GC heap after
{Heap after GC invocations=134 (full 3):
 PSYoungGen      total 5120K, used 160K [0x00000000d5580000, 0x00000000d5c80000, 0x0000000100000000)
  eden space 4608K, 0% used [0x00000000d5580000,0x00000000d5580000,0x00000000d5a00000)
  from space 512K, 31% used [0x00000000d5b80000,0x00000000d5ba8000,0x00000000d5c00000)
  to   space 512K, 0% used [0x00000000d5c00000,0x00000000d5c00000,0x00000000d5c80000)
 ParOldGen       total 110592K, used 110437K [0x0000000080000000, 0x0000000086c00000, 0x00000000d5580000)
  object space 110592K, 99% used [0x0000000080000000,0x0000000086bd97e0,0x0000000086c00000)
 Metaspace       used 64335K, committed 65600K, reserved 1114112K
  class space    used 6644K, committed 7168K, reserved 1048576K
}

